<?xml version="1.0" encoding="UTF-8"?>
<!-- Generated by org.testng.reporters.JUnitReportReporter -->
<testsuite skipped="0" hostname="LAPTOP-RDMATUKE" name="Assisgment.Assignments6" tests="1" failures="0" timestamp="2020-04-14T21:14:47 IST" time="62.729" errors="0">
  <testcase name="scriptOne" time="62.729" classname="Assisgment.Assignments6"/>
</testsuite> <!-- Assisgment.Assignments6 -->
