<?xml version="1.0" encoding="UTF-8"?>
<!-- Generated by org.testng.reporters.JUnitReportReporter -->
<testsuite skipped="0" hostname="LAPTOP-RDMATUKE" name="Assisgment.Assignments5" tests="1" failures="0" timestamp="2020-04-13T10:30:06 IST" time="37.436" errors="0">
  <testcase name="scriptOne" time="37.436" classname="Assisgment.Assignments5"/>
</testsuite> <!-- Assisgment.Assignments5 -->
