<?xml version="1.0" encoding="UTF-8"?>
<!-- Generated by org.testng.reporters.JUnitReportReporter -->
<testsuite skipped="0" hostname="LAPTOP-RDMATUKE" name="Assisgment.Assignments10" tests="1" failures="0" timestamp="2020-04-18T11:54:43 IST" time="17.117" errors="0">
  <testcase name="scriptOne" time="17.117" classname="Assisgment.Assignments10"/>
</testsuite> <!-- Assisgment.Assignments10 -->
